<?xml version="1.0" encoding="utf-8"?><testsuites name="pytest tests"><testsuite name="pytest" errors="0" failures="2" skipped="0" tests="54" time="1.588" timestamp="2026-05-25T11:21:39.706256+00:00" hostname="agent-env-4abf6921-e435-405b-a651-81e7d6543d8f"><testcase classname="backend.tests.test_full_audit_iter8.TestAuth" name="test_login_super" time="0.233" /><testcase classname="backend.tests.test_full_audit_iter8.TestAuth" name="test_login_dg" time="0.228" /><testcase classname="backend.tests.test_full_audit_iter8.TestAuth" name="test_login_bad_password" time="0.227" /><testcase classname="backend.tests.test_full_audit_iter8.TestAuth" name="test_me_super" time="0.232" /><testcase classname="backend.tests.test_full_audit_iter8.TestAuth" name="test_me_no_token" time="0.001" /><testcase classname="backend.tests.test_full_audit_iter8.TestAuth" name="test_me_bad_token" time="0.001" /><testcase classname="backend.tests.test_full_audit_iter8" name="test_security_no_token_returns_401[/clients]" time="0.002" /><testcase classname="backend.tests.test_full_audit_iter8" name="test_security_no_token_returns_401[/produits]" time="0.001" /><testcase classname="backend.tests.test_full_audit_iter8" name="test_security_no_token_returns_401[/commandes]" time="0.002" /><testcase classname="backend.tests.test_full_audit_iter8" name="test_security_no_token_returns_401[/factures]" time="0.002" /><testcase classname="backend.tests.test_full_audit_iter8" name="test_security_no_token_returns_401[/paiements]" time="0.001" /><testcase classname="backend.tests.test_full_audit_iter8" name="test_security_no_token_returns_401[/stock/mouvements]" time="0.001" /><testcase classname="backend.tests.test_full_audit_iter8" name="test_security_no_token_returns_401[/bons-livraison]" time="0.001" /><testcase classname="backend.tests.test_full_audit_iter8" name="test_security_no_token_returns_401[/bons-retour]" time="0.001" /><testcase classname="backend.tests.test_full_audit_iter8" name="test_security_no_token_returns_401[/comptabilite/ecritures]" time="0.001" /><testcase classname="backend.tests.test_full_audit_iter8" name="test_security_no_token_returns_401[/utilisateurs]" time="0.001" /><testcase classname="backend.tests.test_full_audit_iter8" name="test_security_no_token_returns_401[/parametres]" time="0.001" /><testcase classname="backend.tests.test_full_audit_iter8" name="test_security_no_token_returns_401[/documents-ai]" time="0.001" /><testcase classname="backend.tests.test_full_audit_iter8" name="test_security_no_token_returns_401[/analytics/dashboard]" time="0.002" /><testcase classname="backend.tests.test_full_audit_iter8" name="test_security_no_token_returns_401[/dashboard/stats]" time="0.002" /><testcase classname="backend.tests.test_full_audit_iter8" name="test_security_no_token_returns_401[/recherche/globale?q=test]" time="0.002" /><testcase classname="backend.tests.test_full_audit_iter8.TestDashboard" name="test_stats_super" time="0.003" /><testcase classname="backend.tests.test_full_audit_iter8.TestDashboard" name="test_stats_dg" time="0.233" /><testcase classname="backend.tests.test_full_audit_iter8.TestClients" name="test_list_pagination_format" time="0.008" /><testcase classname="backend.tests.test_full_audit_iter8.TestClients" name="test_filter_by_q" time="0.005" /><testcase classname="backend.tests.test_full_audit_iter8.TestClients" name="test_get_by_id_then_404" time="0.008" /><testcase classname="backend.tests.test_full_audit_iter8.TestProduits" name="test_list_pagination_count" time="0.003" /><testcase classname="backend.tests.test_full_audit_iter8.TestProduits" name="test_prix_achat_visible_to_super" time="0.003" /><testcase classname="backend.tests.test_full_audit_iter8.TestProduits" name="test_categorie_literal" time="0.003" /><testcase classname="backend.tests.test_full_audit_iter8.TestProduits" name="test_field_product_id" time="0.003" /><testcase classname="backend.tests.test_full_audit_iter8.TestProduits" name="test_alertes_stock" time="0.002" /><testcase classname="backend.tests.test_full_audit_iter8.TestParametres" name="test_list" time="0.002" /><testcase classname="backend.tests.test_full_audit_iter8.TestUtilisateursRBAC" name="test_super_can_list" time="0.003" /><testcase classname="backend.tests.test_full_audit_iter8.TestUtilisateursRBAC" name="test_dg_should_be_denied_per_prd" time="0.003"><failure message="AssertionError: BUG RBAC: DG a accès à /api/utilisateurs (status=200); le PRD interdit cet accès. READ_ROLES inclut 'directeur_general' dans administration_module.py&#10;assert 200 == 403&#10; +  where 200 = &lt;Response [200]&gt;.status_code">backend/tests/test_full_audit_iter8.py:203: in test_dg_should_be_denied_per_prd
    assert r.status_code == 403, (
E   AssertionError: BUG RBAC: DG a accès à /api/utilisateurs (status=200); le PRD interdit cet accès. READ_ROLES inclut 'directeur_general' dans administration_module.py
E   assert 200 == 403
E    +  where 200 = &lt;Response [200]&gt;.status_code</failure></testcase><testcase classname="backend.tests.test_full_audit_iter8.TestResponseFormatConsistency" name="test_plain_lists" time="0.027" /><testcase classname="backend.tests.test_full_audit_iter8.TestResponseFormatConsistency" name="test_paginated_dicts" time="0.016" /><testcase classname="backend.tests.test_full_audit_iter8.TestRecherche" name="test_recherche_globale" time="0.004" /><testcase classname="backend.tests.test_full_audit_iter8.TestAnalytics" name="test_dashboard" time="0.004" /><testcase classname="backend.tests.test_full_audit_iter8.TestDocumentsAi" name="test_list_paginated" time="0.003" /><testcase classname="backend.tests.test_full_audit_iter8.TestDocumentsAi" name="test_analytics_dashboard" time="0.004" /><testcase classname="backend.tests.test_full_audit_iter8.TestDocumentsAi" name="test_meta_types" time="0.003" /><testcase classname="backend.tests.test_full_audit_iter8.TestComptabilite" name="test_ecritures" time="0.003" /><testcase classname="backend.tests.test_full_audit_iter8.TestComptabilite" name="test_balance" time="0.003" /><testcase classname="backend.tests.test_full_audit_iter8.TestStock" name="test_mouvements_list" time="0.003" /><testcase classname="backend.tests.test_full_audit_iter8.TestE2E" name="test_01_create_commande_submitted" time="0.014" /><testcase classname="backend.tests.test_full_audit_iter8.TestE2E" name="test_02_get_commande_lignes" time="0.004" /><testcase classname="backend.tests.test_full_audit_iter8.TestE2E" name="test_03_valider_commande" time="0.006" /><testcase classname="backend.tests.test_full_audit_iter8.TestE2E" name="test_04_facture_auto_or_generate" time="0.016" /><testcase classname="backend.tests.test_full_audit_iter8.TestE2E" name="test_05_paiement_partiel" time="0.012" /><testcase classname="backend.tests.test_full_audit_iter8.TestE2E" name="test_06_preparer_commande" time="0.014" /><testcase classname="backend.tests.test_full_audit_iter8.TestE2E" name="test_07_create_bl_and_livrer_stock_decremented" time="0.037" /><testcase classname="backend.tests.test_full_audit_iter8.TestE2E" name="test_08_create_bon_retour_and_validate_stock_reincremented" time="0.036"><failure message="AssertionError: Stock après retour attendu 98, obtenu 1&#10;assert 1 == (97 + 1)">backend/tests/test_full_audit_iter8.py:481: in test_08_create_bon_retour_and_validate_stock_reincremented
    assert new_stock == TestE2E._state["p1_stock_after_bl"] + 1, (
E   AssertionError: Stock après retour attendu 98, obtenu 1
E   assert 1 == (97 + 1)</failure></testcase><testcase classname="backend.tests.test_full_audit_iter8.TestE2E" name="test_09_analytics_dashboard_responds" time="0.005" /><testcase classname="backend.tests.test_full_audit_iter8.TestE2E" name="test_10_dashboard_stats_responds" time="0.003" /></testsuite></testsuites>