<?xml version="1.0" encoding="utf-8"?><testsuites name="pytest tests"><testsuite name="pytest" errors="0" failures="0" skipped="0" tests="6" time="2.694" timestamp="2026-05-24T13:26:36.765990+00:00" hostname="agent-env-c7cdf063-c181-4821-8983-2309bb3873df"><testcase classname="backend.tests.test_pdf_actions_iter7" name="test_create_commande_persists_new_fields" time="0.934" /><testcase classname="backend.tests.test_pdf_actions_iter7" name="test_patch_commande_updates_new_fields" time="0.235" /><testcase classname="backend.tests.test_pdf_actions_iter7" name="test_commande_pdf_download" time="0.173" /><testcase classname="backend.tests.test_pdf_actions_iter7" name="test_validate_commande_auto_generates_facture" time="0.929" /><testcase classname="backend.tests.test_pdf_actions_iter7" name="test_facture_pdf_download" time="0.119" /><testcase classname="backend.tests.test_pdf_actions_iter7" name="test_bon_livraison_pdf" time="0.222" /></testsuite></testsuites>