<?xml version="1.0" encoding="utf-8"?><testsuites name="pytest tests"><testsuite name="pytest" errors="0" failures="0" skipped="0" tests="32" time="2.866" timestamp="2026-05-24T09:23:37.828101+00:00" hostname="agent-env-b40c6c2c-3946-4bab-afee-f58f7c013d2f"><testcase classname="tests.test_sprints_8_15_fabsci" name="test_health_no_auth" time="0.023" /><testcase classname="tests.test_sprints_8_15_fabsci" name="test_openapi_has_all_42_routes" time="0.290" /><testcase classname="tests.test_sprints_8_15_fabsci" name="test_auth_me_without_token_returns_401" time="0.014" /><testcase classname="tests.test_sprints_8_15_fabsci" name="test_list_endpoint_requires_auth[/api/clients]" time="0.014" /><testcase classname="tests.test_sprints_8_15_fabsci" name="test_list_endpoint_requires_auth[/api/produits]" time="0.010" /><testcase classname="tests.test_sprints_8_15_fabsci" name="test_list_endpoint_requires_auth[/api/commandes]" time="0.012" /><testcase classname="tests.test_sprints_8_15_fabsci" name="test_list_endpoint_requires_auth[/api/factures]" time="0.014" /><testcase classname="tests.test_sprints_8_15_fabsci" name="test_list_endpoint_requires_auth[/api/paiements]" time="0.015" /><testcase classname="tests.test_sprints_8_15_fabsci" name="test_list_endpoint_requires_auth[/api/stock/mouvements]" time="0.012" /><testcase classname="tests.test_sprints_8_15_fabsci" name="test_list_endpoint_requires_auth[/api/bons-livraison]" time="0.011" /><testcase classname="tests.test_sprints_8_15_fabsci" name="test_list_endpoint_requires_auth[/api/bons-retour]" time="0.011" /><testcase classname="tests.test_sprints_8_15_fabsci" name="test_list_endpoint_requires_auth[/api/comptabilite/ecritures]" time="0.013" /><testcase classname="tests.test_sprints_8_15_fabsci" name="test_list_endpoint_requires_auth[/api/comptabilite/creances]" time="0.012" /><testcase classname="tests.test_sprints_8_15_fabsci" name="test_list_endpoint_requires_auth[/api/comptabilite/balance]" time="0.013" /><testcase classname="tests.test_sprints_8_15_fabsci" name="test_list_endpoint_requires_auth[/api/utilisateurs]" time="0.015" /><testcase classname="tests.test_sprints_8_15_fabsci" name="test_list_endpoint_requires_auth[/api/parametres]" time="0.014" /><testcase classname="tests.test_sprints_8_15_fabsci" name="test_list_endpoint_requires_auth[/api/recherche/globale?q=test]" time="0.010" /><testcase classname="tests.test_sprints_8_15_fabsci" name="test_list_endpoint_requires_auth[/api/dashboard/stats]" time="0.011" /><testcase classname="tests.test_sprints_8_15_fabsci" name="test_super_admin_seeded" time="0.053" /><testcase classname="tests.test_sprints_8_15_fabsci" name="test_seeded_collection_counts" time="0.019" /><testcase classname="tests.test_sprints_8_15_fabsci" name="test_stock_type_mouvement_includes_specimen_gratuit" time="0.776" /><testcase classname="tests.test_sprints_8_15_fabsci" name="test_auth_me_with_token" time="0.089" /><testcase classname="tests.test_sprints_8_15_fabsci" name="test_dashboard_stats" time="0.038" /><testcase classname="tests.test_sprints_8_15_fabsci" name="test_paiements_list" time="0.076" /><testcase classname="tests.test_sprints_8_15_fabsci" name="test_stock_mouvements_list" time="0.035" /><testcase classname="tests.test_sprints_8_15_fabsci" name="test_bons_livraison_list" time="0.028" /><testcase classname="tests.test_sprints_8_15_fabsci" name="test_bons_retour_list" time="0.027" /><testcase classname="tests.test_sprints_8_15_fabsci" name="test_comptabilite_endpoints" time="0.062" /><testcase classname="tests.test_sprints_8_15_fabsci" name="test_utilisateurs_list" time="0.015" /><testcase classname="tests.test_sprints_8_15_fabsci" name="test_parametres_list" time="0.023" /><testcase classname="tests.test_sprints_8_15_fabsci" name="test_recherche_globale_aggregates" time="0.039" /><testcase classname="tests.test_sprints_8_15_fabsci" name="test_recherche_globale_min_length" time="0.023" /></testsuite></testsuites>