<?xml version="1.0" encoding="utf-8"?><testsuites name="pytest tests"><testsuite name="pytest" errors="0" failures="0" skipped="0" tests="39" time="5.027" timestamp="2026-05-24T06:17:39.403635+00:00" hostname="agent-env-44d9129b-12d8-455d-8215-12b4870f905b"><testcase classname="backend.tests.test_products_fabsci.TestSeed" name="test_35_seeded_products" time="0.013" /><testcase classname="backend.tests.test_products_fabsci.TestSeed" name="test_seed_references_0001_to_0035" time="0.001" /><testcase classname="backend.tests.test_products_fabsci.TestSeed" name="test_seed_stock_alerts" time="0.001" /><testcase classname="backend.tests.test_products_fabsci.TestSeed" name="test_counter_at_35" time="0.000" /><testcase classname="backend.tests.test_products_fabsci.TestAuth" name="test_list_without_auth_401" time="0.231" /><testcase classname="backend.tests.test_products_fabsci.TestRBACList" name="test_super_admin_sees_prix_achat" time="0.107" /><testcase classname="backend.tests.test_products_fabsci.TestRBACList" name="test_dg_sees_prix_achat" time="0.163" /><testcase classname="backend.tests.test_products_fabsci.TestRBACList" name="test_commercial_prix_achat_masked" time="0.104" /><testcase classname="backend.tests.test_products_fabsci.TestRBACList" name="test_stock_roles_prix_achat_masked" time="0.154" /><testcase classname="backend.tests.test_products_fabsci.TestRBACList" name="test_secretariat_forbidden" time="0.193" /><testcase classname="backend.tests.test_products_fabsci.TestRBACList" name="test_logistique_forbidden" time="0.151" /><testcase classname="backend.tests.test_products_fabsci.TestRBACList" name="test_comptable_forbidden_on_list" time="0.135" /><testcase classname="backend.tests.test_products_fabsci.TestFilters" name="test_filter_rupture" time="0.105" /><testcase classname="backend.tests.test_products_fabsci.TestFilters" name="test_filter_alerte" time="0.139" /><testcase classname="backend.tests.test_products_fabsci.TestFilters" name="test_filter_ok" time="0.108" /><testcase classname="backend.tests.test_products_fabsci.TestFilters" name="test_filter_categorie_maternelle" time="0.097" /><testcase classname="backend.tests.test_products_fabsci.TestFilters" name="test_search_q_allah" time="0.171" /><testcase classname="backend.tests.test_products_fabsci.TestFilters" name="test_filter_niveau_terminale" time="0.105" /><testcase classname="backend.tests.test_products_fabsci.TestDetail" name="test_get_by_id_ok" time="0.110" /><testcase classname="backend.tests.test_products_fabsci.TestDetail" name="test_get_by_id_404" time="0.104" /><testcase classname="backend.tests.test_products_fabsci.TestDetail" name="test_get_by_id_commercial_masked" time="0.108" /><testcase classname="backend.tests.test_products_fabsci.TestCRUD" name="test_create_super_admin" time="0.101" /><testcase classname="backend.tests.test_products_fabsci.TestCRUD" name="test_create_forbidden_roles" time="0.235" /><testcase classname="backend.tests.test_products_fabsci.TestCRUD" name="test_create_invalid_prix_vente_zero" time="0.110" /><testcase classname="backend.tests.test_products_fabsci.TestCRUD" name="test_reference_increments" time="0.217" /><testcase classname="backend.tests.test_products_fabsci.TestCRUD" name="test_patch_stock_to_alerte" time="0.164" /><testcase classname="backend.tests.test_products_fabsci.TestCRUD" name="test_patch_empty_body_400" time="0.163" /><testcase classname="backend.tests.test_products_fabsci.TestCRUD" name="test_soft_delete_idempotent" time="0.189" /><testcase classname="backend.tests.test_products_fabsci.TestAlertesStock" name="test_alertes_stock_super_admin" time="0.114" /><testcase classname="backend.tests.test_products_fabsci.TestAlertesStock" name="test_alertes_stock_comptable_allowed" time="0.099" /><testcase classname="backend.tests.test_products_fabsci.TestAlertesStock" name="test_alertes_stock_secretariat_allowed" time="0.098" /><testcase classname="backend.tests.test_products_fabsci.TestIsbnLookup" name="test_lookup_invalid_isbn" time="0.103" /><testcase classname="backend.tests.test_products_fabsci.TestIsbnLookup" name="test_lookup_forbidden_secretariat" time="0.105" /><testcase classname="backend.tests.test_products_fabsci.TestIsbnLookup" name="test_lookup_garbage_not_found" time="0.203" /><testcase classname="backend.tests.test_products_fabsci.TestIsbnLookup" name="test_lookup_real_isbn_lenient" time="0.140" /><testcase classname="backend.tests.test_products_fabsci.TestRegression" name="test_auth_me" time="0.113" /><testcase classname="backend.tests.test_products_fabsci.TestRegression" name="test_profiles_list_super_admin" time="0.098" /><testcase classname="backend.tests.test_products_fabsci.TestRegression" name="test_dashboard_stats" time="0.105" /><testcase classname="backend.tests.test_products_fabsci.TestRegression" name="test_clients_list" time="0.103" /></testsuite></testsuites>