<?xml version="1.0" encoding="utf-8"?><testsuites name="pytest tests"><testsuite name="pytest" errors="0" failures="0" skipped="0" tests="112" time="51.023" timestamp="2026-05-24T06:17:49.302067+00:00" hostname="agent-env-44d9129b-12d8-455d-8215-12b4870f905b"><testcase classname="backend.tests.test_auth_fabsci.TestPublic" name="test_root" time="0.129" /><testcase classname="backend.tests.test_auth_fabsci.TestPublic" name="test_health" time="0.102" /><testcase classname="backend.tests.test_auth_fabsci.TestAuthMeUnauthenticated" name="test_me_no_token" time="0.105" /><testcase classname="backend.tests.test_auth_fabsci.TestAuthMeUnauthenticated" name="test_me_invalid_token" time="0.122" /><testcase classname="backend.tests.test_auth_fabsci.TestAuthMeUnauthenticated" name="test_me_malformed_authorization" time="0.096" /><testcase classname="backend.tests.test_auth_fabsci.TestAuthSession" name="test_session_missing_session_id" time="0.115" /><testcase classname="backend.tests.test_auth_fabsci.TestAuthSession" name="test_session_empty_session_id" time="0.099" /><testcase classname="backend.tests.test_auth_fabsci.TestAuthSession" name="test_session_invalid_session_id" time="0.203" /><testcase classname="backend.tests.test_auth_fabsci.TestSeed" name="test_two_preseed_profiles_exist" time="0.006" /><testcase classname="backend.tests.test_auth_fabsci.TestSeed" name="test_super_admin_role" time="0.001" /><testcase classname="backend.tests.test_auth_fabsci.TestSeed" name="test_dg_role" time="0.000" /><testcase classname="backend.tests.test_auth_fabsci.TestSeed" name="test_seed_idempotent_no_duplicates" time="0.001" /><testcase classname="backend.tests.test_auth_fabsci.TestAuthMeAuthenticated" name="test_me_super_admin_valid_token" time="0.110" /><testcase classname="backend.tests.test_auth_fabsci.TestAuthMeAuthenticated" name="test_me_dg_valid_token" time="0.112" /><testcase classname="backend.tests.test_auth_fabsci.TestAuthMeAuthenticated" name="test_me_expired_token" time="0.108" /><testcase classname="backend.tests.test_auth_fabsci.TestProfiles" name="test_profiles_me_super_admin" time="0.106" /><testcase classname="backend.tests.test_auth_fabsci.TestProfiles" name="test_profiles_me_dg" time="0.106" /><testcase classname="backend.tests.test_auth_fabsci.TestProfiles" name="test_profiles_list_super_admin" time="0.105" /><testcase classname="backend.tests.test_auth_fabsci.TestProfiles" name="test_profiles_list_forbidden_for_dg" time="0.104" /><testcase classname="backend.tests.test_auth_fabsci.TestProfiles" name="test_profiles_list_unauthenticated" time="0.099" /><testcase classname="backend.tests.test_auth_fabsci.TestInactiveAccount" name="test_inactive_user_blocked" time="0.106" /><testcase classname="backend.tests.test_auth_fabsci.TestLogout" name="test_logout_deletes_session" time="0.231" /><testcase classname="backend.tests.test_auth_fabsci.TestLogout" name="test_logout_no_token_idempotent" time="0.093" /><testcase classname="backend.tests.test_auth_fabsci.TestCORS" name="test_cors_preflight_auth_me" time="0.068" /><testcase classname="backend.tests.test_auth_fabsci.TestCORS" name="test_cors_actual_request_has_origin_header" time="0.095" /><testcase classname="backend.tests.test_clients_fabsci.TestSeed" name="test_8_seeded_clients_exist" time="0.004" /><testcase classname="backend.tests.test_clients_fabsci.TestSeed" name="test_seed_references_0001_to_0008" time="0.001" /><testcase classname="backend.tests.test_clients_fabsci.TestSeed" name="test_seed_idempotent_no_duplicate_reference" time="0.000" /><testcase classname="backend.tests.test_clients_fabsci.TestSeed" name="test_mongodb_indexes" time="0.000" /><testcase classname="backend.tests.test_clients_fabsci.TestAuthGating" name="test_list_no_auth_401" time="0.097" /><testcase classname="backend.tests.test_clients_fabsci.TestAuthGating" name="test_create_no_auth_401" time="0.108" /><testcase classname="backend.tests.test_clients_fabsci.TestList" name="test_list_super_admin_paginated" time="0.101" /><testcase classname="backend.tests.test_clients_fabsci.TestList" name="test_list_gestionnaire_stock_forbidden" time="0.105" /><testcase classname="backend.tests.test_clients_fabsci.TestList" name="test_list_service_logistique_forbidden" time="0.097" /><testcase classname="backend.tests.test_clients_fabsci.TestList" name="test_list_filters_q_type_ville" time="0.101" /><testcase classname="backend.tests.test_clients_fabsci.TestList" name="test_list_actif_false_initially_empty" time="0.098" /><testcase classname="backend.tests.test_clients_fabsci.TestList" name="test_get_single_client_200" time="0.097" /><testcase classname="backend.tests.test_clients_fabsci.TestList" name="test_get_unknown_client_404" time="0.099" /><testcase classname="backend.tests.test_clients_fabsci.TestCreate" name="test_create_secretariat_valid_payload" time="0.151" /><testcase classname="backend.tests.test_clients_fabsci.TestCreate" name="test_create_gestionnaire_stock_forbidden" time="0.111" /><testcase classname="backend.tests.test_clients_fabsci.TestCreate" name="test_create_duplicate_phone_409" time="0.104" /><testcase classname="backend.tests.test_clients_fabsci.TestCreate" name="test_create_force_bypasses_duplicate_guard" time="0.104" /><testcase classname="backend.tests.test_clients_fabsci.TestCreate" name="test_sequential_reference_increment" time="0.187" /><testcase classname="backend.tests.test_clients_fabsci.TestCheckDuplicates" name="test_similar_name_and_matching_phone" time="0.109" /><testcase classname="backend.tests.test_clients_fabsci.TestCheckDuplicates" name="test_no_match_for_completely_new" time="0.101" /><testcase classname="backend.tests.test_clients_fabsci.TestCheckDuplicates" name="test_exclude_id_excludes_self" time="0.099" /><testcase classname="backend.tests.test_clients_fabsci.TestPatch" name="test_patch_commercial_updates_nom_email" time="0.157" /><testcase classname="backend.tests.test_clients_fabsci.TestPatch" name="test_patch_empty_payload_400" time="0.149" /><testcase classname="backend.tests.test_clients_fabsci.TestPatch" name="test_patch_unknown_404" time="0.106" /><testcase classname="backend.tests.test_clients_fabsci.TestSoftDelete" name="test_soft_delete_sets_actif_false" time="0.330" /><testcase classname="backend.tests.test_dashboard_fabsci.TestDashboardAuthGating" name="test_no_token_returns_401" time="0.124" /><testcase classname="backend.tests.test_dashboard_fabsci.TestDashboardAuthGating" name="test_invalid_token_returns_401" time="0.106" /><testcase classname="backend.tests.test_dashboard_fabsci.TestDashboardPerRole" name="test_role_payload[super_admin]" time="0.097" /><testcase classname="backend.tests.test_dashboard_fabsci.TestDashboardPerRole" name="test_role_payload[directeur_general]" time="0.101" /><testcase classname="backend.tests.test_dashboard_fabsci.TestDashboardPerRole" name="test_role_payload[comptable]" time="0.100" /><testcase classname="backend.tests.test_dashboard_fabsci.TestDashboardPerRole" name="test_role_payload[directeur_commercial]" time="0.103" /><testcase classname="backend.tests.test_dashboard_fabsci.TestDashboardPerRole" name="test_role_payload[gestionnaire_stock]" time="0.108" /><testcase classname="backend.tests.test_dashboard_fabsci.TestDashboardPerRole" name="test_role_payload[responsable_magasinier]" time="0.100" /><testcase classname="backend.tests.test_dashboard_fabsci.TestDashboardPerRole" name="test_role_payload[secretariat]" time="0.103" /><testcase classname="backend.tests.test_dashboard_fabsci.TestDashboardPerRole" name="test_role_payload[service_logistique]" time="0.104" /><testcase classname="backend.tests.test_dashboard_fabsci.TestChartsContent" name="test_super_admin_has_all_4_charts" time="0.101" /><testcase classname="backend.tests.test_dashboard_fabsci.TestChartsContent" name="test_directeur_commercial_no_paiements_mode" time="0.105" /><testcase classname="backend.tests.test_dashboard_fabsci.TestChartsContent" name="test_comptable_only_paiements_mode" time="0.103" /><testcase classname="backend.tests.test_dashboard_fabsci.TestTreasuryAlert" name="test_super_admin_treasury" time="0.117" /><testcase classname="backend.tests.test_dashboard_fabsci.TestTreasuryAlert" name="test_dg_treasury_same_as_super_admin" time="0.161" /><testcase classname="backend.tests.test_dashboard_fabsci.TestTreasuryAlert" name="test_comptable_treasury_present" time="0.102" /><testcase classname="backend.tests.test_dashboard_fabsci.TestTreasuryAlert" name="test_directeur_commercial_no_treasury" time="0.108" /><testcase classname="backend.tests.test_dashboard_fabsci.TestSprint1Regression" name="test_auth_me_super_admin" time="0.107" /><testcase classname="backend.tests.test_dashboard_fabsci.TestSprint1Regression" name="test_auth_me_dg_still_directeur_general" time="0.099" /><testcase classname="backend.tests.test_dashboard_fabsci.TestSprint1Regression" name="test_profiles_list_super_admin" time="0.100" /><testcase classname="backend.tests.test_dashboard_fabsci.TestSprint1Regression" name="test_profiles_me_dg" time="0.095" /><testcase classname="backend.tests.test_dashboard_fabsci.TestSprint1Regression" name="test_auth_logout_idempotent" time="0.106" /><testcase classname="backend.tests.test_dashboard_fabsci.TestFinalState" name="test_dg_role_unchanged" time="0.002" /><testcase classname="backend.tests.test_products_fabsci.TestSeed" name="test_35_seeded_products" time="0.003" /><testcase classname="backend.tests.test_products_fabsci.TestSeed" name="test_seed_references_0001_to_0035" time="0.001" /><testcase classname="backend.tests.test_products_fabsci.TestSeed" name="test_seed_stock_alerts" time="0.001" /><testcase classname="backend.tests.test_products_fabsci.TestSeed" name="test_counter_at_35" time="0.000" /><testcase classname="backend.tests.test_products_fabsci.TestAuth" name="test_list_without_auth_401" time="0.109" /><testcase classname="backend.tests.test_products_fabsci.TestRBACList" name="test_super_admin_sees_prix_achat" time="0.104" /><testcase classname="backend.tests.test_products_fabsci.TestRBACList" name="test_dg_sees_prix_achat" time="0.097" /><testcase classname="backend.tests.test_products_fabsci.TestRBACList" name="test_commercial_prix_achat_masked" time="0.111" /><testcase classname="backend.tests.test_products_fabsci.TestRBACList" name="test_stock_roles_prix_achat_masked" time="0.156" /><testcase classname="backend.tests.test_products_fabsci.TestRBACList" name="test_secretariat_forbidden" time="0.098" /><testcase classname="backend.tests.test_products_fabsci.TestRBACList" name="test_logistique_forbidden" time="0.097" /><testcase classname="backend.tests.test_products_fabsci.TestRBACList" name="test_comptable_forbidden_on_list" time="0.097" /><testcase classname="backend.tests.test_products_fabsci.TestFilters" name="test_filter_rupture" time="0.101" /><testcase classname="backend.tests.test_products_fabsci.TestFilters" name="test_filter_alerte" time="0.109" /><testcase classname="backend.tests.test_products_fabsci.TestFilters" name="test_filter_ok" time="0.102" /><testcase classname="backend.tests.test_products_fabsci.TestFilters" name="test_filter_categorie_maternelle" time="0.102" /><testcase classname="backend.tests.test_products_fabsci.TestFilters" name="test_search_q_allah" time="0.106" /><testcase classname="backend.tests.test_products_fabsci.TestFilters" name="test_filter_niveau_terminale" time="0.113" /><testcase classname="backend.tests.test_products_fabsci.TestDetail" name="test_get_by_id_ok" time="0.119" /><testcase classname="backend.tests.test_products_fabsci.TestDetail" name="test_get_by_id_404" time="0.099" /><testcase classname="backend.tests.test_products_fabsci.TestDetail" name="test_get_by_id_commercial_masked" time="0.102" /><testcase classname="backend.tests.test_products_fabsci.TestCRUD" name="test_create_super_admin" time="0.104" /><testcase classname="backend.tests.test_products_fabsci.TestCRUD" name="test_create_forbidden_roles" time="0.200" /><testcase classname="backend.tests.test_products_fabsci.TestCRUD" name="test_create_invalid_prix_vente_zero" time="0.102" /><testcase classname="backend.tests.test_products_fabsci.TestCRUD" name="test_reference_increments" time="0.200" /><testcase classname="backend.tests.test_products_fabsci.TestCRUD" name="test_patch_stock_to_alerte" time="0.182" /><testcase classname="backend.tests.test_products_fabsci.TestCRUD" name="test_patch_empty_body_400" time="0.170" /><testcase classname="backend.tests.test_products_fabsci.TestCRUD" name="test_soft_delete_idempotent" time="0.196" /><testcase classname="backend.tests.test_products_fabsci.TestAlertesStock" name="test_alertes_stock_super_admin" time="0.096" /><testcase classname="backend.tests.test_products_fabsci.TestAlertesStock" name="test_alertes_stock_comptable_allowed" time="0.103" /><testcase classname="backend.tests.test_products_fabsci.TestAlertesStock" name="test_alertes_stock_secretariat_allowed" time="0.102" /><testcase classname="backend.tests.test_products_fabsci.TestIsbnLookup" name="test_lookup_invalid_isbn" time="0.101" /><testcase classname="backend.tests.test_products_fabsci.TestIsbnLookup" name="test_lookup_forbidden_secretariat" time="36.074" /><testcase classname="backend.tests.test_products_fabsci.TestIsbnLookup" name="test_lookup_garbage_not_found" time="0.260" /><testcase classname="backend.tests.test_products_fabsci.TestIsbnLookup" name="test_lookup_real_isbn_lenient" time="0.149" /><testcase classname="backend.tests.test_products_fabsci.TestRegression" name="test_auth_me" time="0.107" /><testcase classname="backend.tests.test_products_fabsci.TestRegression" name="test_profiles_list_super_admin" time="0.112" /><testcase classname="backend.tests.test_products_fabsci.TestRegression" name="test_dashboard_stats" time="0.105" /><testcase classname="backend.tests.test_products_fabsci.TestRegression" name="test_clients_list" time="3.173" /></testsuite></testsuites>