<?xml version="1.0" encoding="utf-8"?><testsuites name="pytest tests"><testsuite name="pytest" errors="0" failures="1" skipped="0" tests="25" time="3.315" timestamp="2026-05-24T05:59:28.301546+00:00" hostname="agent-env-44d9129b-12d8-455d-8215-12b4870f905b"><testcase classname="backend.tests.test_clients_fabsci.TestSeed" name="test_8_seeded_clients_exist" time="0.005" /><testcase classname="backend.tests.test_clients_fabsci.TestSeed" name="test_seed_references_0001_to_0008" time="0.001" /><testcase classname="backend.tests.test_clients_fabsci.TestSeed" name="test_seed_idempotent_no_duplicate_reference" time="0.001" /><testcase classname="backend.tests.test_clients_fabsci.TestSeed" name="test_mongodb_indexes" time="0.001" /><testcase classname="backend.tests.test_clients_fabsci.TestAuthGating" name="test_list_no_auth_401" time="0.270" /><testcase classname="backend.tests.test_clients_fabsci.TestAuthGating" name="test_create_no_auth_401" time="0.101"><failure message="assert 422 == 401&#10; +  where 422 = &lt;Response [422]&gt;.status_code">backend/tests/test_clients_fabsci.py:155: in test_create_no_auth_401
    assert r.status_code == 401
E   assert 422 == 401
E    +  where 422 = &lt;Response [422]&gt;.status_code</failure></testcase><testcase classname="backend.tests.test_clients_fabsci.TestList" name="test_list_super_admin_paginated" time="0.148" /><testcase classname="backend.tests.test_clients_fabsci.TestList" name="test_list_gestionnaire_stock_forbidden" time="0.109" /><testcase classname="backend.tests.test_clients_fabsci.TestList" name="test_list_service_logistique_forbidden" time="0.099" /><testcase classname="backend.tests.test_clients_fabsci.TestList" name="test_list_filters_q_type_ville" time="0.101" /><testcase classname="backend.tests.test_clients_fabsci.TestList" name="test_list_actif_false_initially_empty" time="0.150" /><testcase classname="backend.tests.test_clients_fabsci.TestList" name="test_get_single_client_200" time="0.145" /><testcase classname="backend.tests.test_clients_fabsci.TestList" name="test_get_unknown_client_404" time="0.105" /><testcase classname="backend.tests.test_clients_fabsci.TestCreate" name="test_create_secretariat_valid_payload" time="0.216" /><testcase classname="backend.tests.test_clients_fabsci.TestCreate" name="test_create_gestionnaire_stock_forbidden" time="0.107" /><testcase classname="backend.tests.test_clients_fabsci.TestCreate" name="test_create_duplicate_phone_409" time="0.100" /><testcase classname="backend.tests.test_clients_fabsci.TestCreate" name="test_create_force_bypasses_duplicate_guard" time="0.140" /><testcase classname="backend.tests.test_clients_fabsci.TestCreate" name="test_sequential_reference_increment" time="0.200" /><testcase classname="backend.tests.test_clients_fabsci.TestCheckDuplicates" name="test_similar_name_and_matching_phone" time="0.109" /><testcase classname="backend.tests.test_clients_fabsci.TestCheckDuplicates" name="test_no_match_for_completely_new" time="0.100" /><testcase classname="backend.tests.test_clients_fabsci.TestCheckDuplicates" name="test_exclude_id_excludes_self" time="0.109" /><testcase classname="backend.tests.test_clients_fabsci.TestPatch" name="test_patch_commercial_updates_nom_email" time="0.152" /><testcase classname="backend.tests.test_clients_fabsci.TestPatch" name="test_patch_empty_payload_400" time="0.223" /><testcase classname="backend.tests.test_clients_fabsci.TestPatch" name="test_patch_unknown_404" time="0.105" /><testcase classname="backend.tests.test_clients_fabsci.TestSoftDelete" name="test_soft_delete_sets_actif_false" time="0.320" /></testsuite></testsuites>